current directory: /home/mi/External/web/vendor/ruby/3.0.0/gems/commonmarker-0.23.8/ext/commonmarker
/usr/bin/ruby3.0 -I /usr/lib/ruby/vendor_ruby -r ./siteconf20230327-2319695-m5dbo3.rb extconf.rb
creating Makefile

current directory: /home/mi/External/web/vendor/ruby/3.0.0/gems/commonmarker-0.23.8/ext/commonmarker
make DESTDIR\= clean

current directory: /home/mi/External/web/vendor/ruby/3.0.0/gems/commonmarker-0.23.8/ext/commonmarker
make DESTDIR\=
compiling arena.c
compiling autolink.c
compiling blocks.c
compiling buffer.c
compiling cmark.c
compiling cmark_ctype.c
compiling commonmark.c
compiling commonmarker.c
In file included from houdini.h:9,
                 from commonmarker.c:3:
config.h:8: warning: "HAVE_STDBOOL_H" redefined
    8 | #define HAVE_STDBOOL_H
      | 
In file included from /usr/include/ruby-3.0.0/ruby/internal/config.h:23,
                 from /usr/include/ruby-3.0.0/ruby/ruby.h:15,
                 from /usr/include/ruby-3.0.0/ruby.h:38,
                 from commonmarker.h:9,
                 from commonmarker.c:1:
/usr/include/x86_64-linux-gnu/ruby-3.0.0/ruby/config.h:38: note: this is the location of the previous definition
   38 | #define HAVE_STDBOOL_H 1
      | 
compiling core-extensions.c
compiling ext_scanners.c
compiling footnotes.c
compiling houdini_href_e.c
compiling houdini_html_e.c
compiling houdini_html_u.c
compiling html.c
compiling inlines.c
compiling iterator.c
compiling latex.c
compiling linked_list.c
compiling man.c
compiling map.c
compiling node.c
compiling plaintext.c
compiling plugin.c
compiling references.c
compiling registry.c
compiling render.c
compiling scanners.c
compiling strikethrough.c
compiling syntax_extension.c
compiling table.c
compiling tagfilter.c
compiling tasklist.c
compiling utf8.c
compiling xml.c
linking shared-object commonmarker/commonmarker.so
guile: warning: failed to install locale
ld: /lib/x86_64-linux-gnu/libm.so.6: unknown type [0x13] section `.relr.dyn'
ld: skipping incompatible /lib/x86_64-linux-gnu/libm.so.6 when searching for /lib/x86_64-linux-gnu/libm.so.6
ld: cannot find /lib/x86_64-linux-gnu/libm.so.6
ld: /lib/x86_64-linux-gnu/libm.so.6: unknown type [0x13] section `.relr.dyn'
ld: skipping incompatible /lib/x86_64-linux-gnu/libm.so.6 when searching for /lib/x86_64-linux-gnu/libm.so.6
ld: /lib/x86_64-linux-gnu/libmvec.so.1: unknown type [0x13] section `.relr.dyn'
ld: skipping incompatible /lib/x86_64-linux-gnu/libmvec.so.1 when searching for /lib/x86_64-linux-gnu/libmvec.so.1
ld: cannot find /lib/x86_64-linux-gnu/libmvec.so.1
ld: /lib/x86_64-linux-gnu/libmvec.so.1: unknown type [0x13] section `.relr.dyn'
ld: skipping incompatible /lib/x86_64-linux-gnu/libmvec.so.1 when searching for /lib/x86_64-linux-gnu/libmvec.so.1
collect2: error: ld returned 1 exit status
make: *** [Makefile:262: commonmarker.so] Error 1

make failed, exit code 2
